<?xml version="1.0" encoding="UTF-8"?>
<!-- Generated by org.testng.reporters.JUnitXMLReporter -->
<testsuite hostname="RS" ignored="0" name="EdgeTest" tests="12" failures="0" timestamp="2023-01-04T17:48:41 GST" time="308.659" errors="0">
  <testcase name="addSupplierDetails" time="21.687" classname="TestcaseScripts.AddPurchaseTest"/>
  <testcase name="attachDocInAddPurchase" time="16.174" classname="TestcaseScripts.AddPurchaseTest"/>
  <testcase name="RemoveDocInAddPurchase" time="16.171" classname="TestcaseScripts.AddPurchaseTest"/>
  <testcase name="addPurchaseWithoutSupplier" time="31.551" classname="TestcaseScripts.AddPurchaseTest"/>
  <testcase name="addPurchaseWithoutStatus" time="35.644" classname="TestcaseScripts.AddPurchaseTest"/>
  <testcase name="addPurchaseWithoutLocation" time="38.674" classname="TestcaseScripts.AddPurchaseTest"/>
  <testcase name="addPurchaseWithoutProduct" time="26.489" classname="TestcaseScripts.AddPurchaseTest"/>
  <testcase name="addNewPurchase" time="45.532" classname="TestcaseScripts.AddPurchaseTest"/>
  <testcase name="checkWithSupplierAdded" time="14.098" classname="TestcaseScripts.AddPurchaseTest"/>
  <testcase name="checkWithLocationAdded" time="14.121" classname="TestcaseScripts.AddPurchaseTest"/>
  <testcase name="checkWithPurchaseStatusAdded" time="14.116" classname="TestcaseScripts.AddPurchaseTest"/>
  <testcase name="checkWithGrandTotalAdded" time="14.099" classname="TestcaseScripts.AddPurchaseTest"/>
</testsuite> <!-- EdgeTest -->
