<?xml version="1.0" encoding="UTF-8"?>
<!-- Generated by org.testng.reporters.JUnitXMLReporter -->
<testsuite hostname="RS" ignored="0" name="FirefoxTest" tests="16" failures="3" timestamp="2023-01-04T17:48:41 GST" time="308.796" errors="0">
  <testcase name="CurrentDateDisplay" time="0.057" classname="TestcaseScripts.ProductsTest"/>
  <testcase name="addNewBrandToList" time="14.456" classname="TestcaseScripts.ProductsTest"/>
  <testcase name="addProductWithoutUnit" time="21.74" classname="TestcaseScripts.ProductsTest"/>
  <testcase name="DisableManageStock" time="16.102" classname="TestcaseScripts.ProductsTest"/>
  <testcase name="EnableManageStock" time="15.282" classname="TestcaseScripts.ProductsTest"/>
  <testcase name="addNewUnitToList" time="22.379" classname="TestcaseScripts.ProductsTest">
    <failure type="org.openqa.selenium.ElementNotInteractableException" message="Element &amp;lt;input id=&amp;quot;actual_name&amp;quot; class=&amp;quot;form-control&amp;quot; name=&amp;quot;actual_name&amp;quot; type=&amp;quot;text&amp;quot;&amp;gt; is not reachable by keyboard
Build info: version: &amp;apos;4.4.0&amp;apos;, revision: &amp;apos;e5c75ed026a&amp;apos;
System info: host: &amp;apos;RS&amp;apos;, ip: &amp;apos;192.168.0.175&amp;apos;, os.name: &amp;apos;Windows 10&amp;apos;, os.arch: &amp;apos;amd64&amp;apos;, os.version: &amp;apos;10.0&amp;apos;, java.version: &amp;apos;1.8.0_202&amp;apos;
Driver info: org.openqa.selenium.firefox.FirefoxDriver
Command: [62f2dad6-d053-4b88-bd38-f4cd0e8b5700, sendKeysToElement {id=4d8b7217-23f4-476d-a65a-32c7bb139c46, value=[Ljava.lang.CharSequence;@5e45196f}]
Capabilities {acceptInsecureCerts: true, browserName: firefox, browserVersion: 108.0.1, moz:accessibilityChecks: false, moz:buildID: 20221215175817, moz:debuggerAddress: 127.0.0.1:56254, moz:geckodriverVersion: 0.32.0, moz:headless: false, moz:platformVersion: 10.0, moz:processID: 32640, moz:profile: C:\Users\RS\AppData\Local\T..., moz:shutdownTimeout: 60000, moz:useNonSpecCompliantPointerOrigin: false, moz:webdriverClick: true, moz:windowless: false, pageLoadStrategy: normal, platformName: WINDOWS, proxy: Proxy(), se:cdp: ws://127.0.0.1:56254/devtoo..., se:cdpVersion: 85.0, setWindowRect: true, strictFileInteractability: false, timeouts: {implicit: 0, pageLoad: 300000, script: 30000}, unhandledPromptBehavior: dismiss and notify}
Element: [[FirefoxDriver: firefox on WINDOWS (62f2dad6-d053-4b88-bd38-f4cd0e8b5700)] -&amp;gt; id: actual_name]
Session ID: 62f2dad6-d053-4b88-bd38-f4cd0e8b5700">
      <![CDATA[org.openqa.selenium.ElementNotInteractableException: Element <input id="actual_name" class="form-control" name="actual_name" type="text"> is not reachable by keyboard
Build info: version: '4.4.0', revision: 'e5c75ed026a'
System info: host: 'RS', ip: '192.168.0.175', os.name: 'Windows 10', os.arch: 'amd64', os.version: '10.0', java.version: '1.8.0_202'
Driver info: org.openqa.selenium.firefox.FirefoxDriver
Command: [62f2dad6-d053-4b88-bd38-f4cd0e8b5700, sendKeysToElement {id=4d8b7217-23f4-476d-a65a-32c7bb139c46, value=[Ljava.lang.CharSequence;@5e45196f}]
Capabilities {acceptInsecureCerts: true, browserName: firefox, browserVersion: 108.0.1, moz:accessibilityChecks: false, moz:buildID: 20221215175817, moz:debuggerAddress: 127.0.0.1:56254, moz:geckodriverVersion: 0.32.0, moz:headless: false, moz:platformVersion: 10.0, moz:processID: 32640, moz:profile: C:\Users\RS\AppData\Local\T..., moz:shutdownTimeout: 60000, moz:useNonSpecCompliantPointerOrigin: false, moz:webdriverClick: true, moz:windowless: false, pageLoadStrategy: normal, platformName: WINDOWS, proxy: Proxy(), se:cdp: ws://127.0.0.1:56254/devtoo..., se:cdpVersion: 85.0, setWindowRect: true, strictFileInteractability: false, timeouts: {implicit: 0, pageLoad: 300000, script: 30000}, unhandledPromptBehavior: dismiss and notify}
Element: [[FirefoxDriver: firefox on WINDOWS (62f2dad6-d053-4b88-bd38-f4cd0e8b5700)] -> id: actual_name]
Session ID: 62f2dad6-d053-4b88-bd38-f4cd0e8b5700
at org.openqa.selenium.remote.codec.w3c.W3CHttpResponseCodec.createException(W3CHttpResponseCodec.java:200)
at org.openqa.selenium.remote.codec.w3c.W3CHttpResponseCodec.decode(W3CHttpResponseCodec.java:133)
at org.openqa.selenium.remote.codec.w3c.W3CHttpResponseCodec.decode(W3CHttpResponseCodec.java:53)
at org.openqa.selenium.remote.HttpCommandExecutor.execute(HttpCommandExecutor.java:184)
at org.openqa.selenium.remote.service.DriverCommandExecutor.invokeExecute(DriverCommandExecutor.java:167)
at org.openqa.selenium.remote.service.DriverCommandExecutor.execute(DriverCommandExecutor.java:142)
at org.openqa.selenium.remote.RemoteWebDriver.execute(RemoteWebDriver.java:547)
at org.openqa.selenium.remote.RemoteWebElement.execute(RemoteWebElement.java:257)
at org.openqa.selenium.remote.RemoteWebElement.sendKeys(RemoteWebElement.java:113)
at org.openqa.selenium.support.pagefactory.internal.LocatingElementHandler.invoke(LocatingElementHandler.java:52)
at com.sun.proxy.$Proxy16.sendKeys(Unknown Source)
at pagelements.ProductPage.addNewUnit(ProductPage.java:214)
at TestcaseScripts.ProductsTest.addNewUnitToList(ProductsTest.java:79)
at java.util.ArrayList.forEach(ArrayList.java:1257)
at java.util.concurrent.FutureTask.run(FutureTask.java:266)
at java.util.concurrent.ThreadPoolExecutor.runWorker(ThreadPoolExecutor.java:1149)
at java.util.concurrent.ThreadPoolExecutor$Worker.run(ThreadPoolExecutor.java:624)
at java.lang.Thread.run(Thread.java:748)
... Removed 25 stack frames]]>
    </failure>
  </testcase> <!-- addNewUnitToList -->
  <testcase name="addProductWithoutProductName" time="15.484" classname="TestcaseScripts.ProductsTest"/>
  <testcase name="addProductWithoutAlertQty" time="20.599" classname="TestcaseScripts.ProductsTest"/>
  <testcase name="addProductWithoutTax" time="22.546" classname="TestcaseScripts.ProductsTest"/>
  <testcase name="attachDocInAddPurchase" time="16.104" classname="TestcaseScripts.ProductsTest">
    <failure type="org.openqa.selenium.UnsupportedCommandException" message="HTTP method not allowed
Command duration or timeout: 7 milliseconds
Build info: version: &amp;apos;4.4.0&amp;apos;, revision: &amp;apos;e5c75ed026a&amp;apos;
System info: host: &amp;apos;RS&amp;apos;, ip: &amp;apos;192.168.0.175&amp;apos;, os.name: &amp;apos;Windows 10&amp;apos;, os.arch: &amp;apos;amd64&amp;apos;, os.version: &amp;apos;10.0&amp;apos;, java.version: &amp;apos;1.8.0_202&amp;apos;
Driver info: org.openqa.selenium.firefox.FirefoxDriver
Command: [62f2dad6-d053-4b88-bd38-f4cd0e8b5700, getElementAccessibleName {id=9f60c198-e808-4d23-8556-3f7922b92e3d}]
Capabilities {acceptInsecureCerts: true, browserName: firefox, browserVersion: 108.0.1, moz:accessibilityChecks: false, moz:buildID: 20221215175817, moz:debuggerAddress: 127.0.0.1:56254, moz:geckodriverVersion: 0.32.0, moz:headless: false, moz:platformVersion: 10.0, moz:processID: 32640, moz:profile: C:\Users\RS\AppData\Local\T..., moz:shutdownTimeout: 60000, moz:useNonSpecCompliantPointerOrigin: false, moz:webdriverClick: true, moz:windowless: false, pageLoadStrategy: normal, platformName: WINDOWS, proxy: Proxy(), se:cdp: ws://127.0.0.1:56254/devtoo..., se:cdpVersion: 85.0, setWindowRect: true, strictFileInteractability: false, timeouts: {implicit: 0, pageLoad: 300000, script: 30000}, unhandledPromptBehavior: dismiss and notify}
Element: [[FirefoxDriver: firefox on WINDOWS (62f2dad6-d053-4b88-bd38-f4cd0e8b5700)] -&amp;gt; xpath: //*[@id=&amp;quot;product_add_form&amp;quot;]/div[1]/div/div/div[14]/div/div/div[3]/div[1]/div]
Session ID: 62f2dad6-d053-4b88-bd38-f4cd0e8b5700">
      <![CDATA[org.openqa.selenium.UnsupportedCommandException: HTTP method not allowed
Command duration or timeout: 7 milliseconds
Build info: version: '4.4.0', revision: 'e5c75ed026a'
System info: host: 'RS', ip: '192.168.0.175', os.name: 'Windows 10', os.arch: 'amd64', os.version: '10.0', java.version: '1.8.0_202'
Driver info: org.openqa.selenium.firefox.FirefoxDriver
Command: [62f2dad6-d053-4b88-bd38-f4cd0e8b5700, getElementAccessibleName {id=9f60c198-e808-4d23-8556-3f7922b92e3d}]
Capabilities {acceptInsecureCerts: true, browserName: firefox, browserVersion: 108.0.1, moz:accessibilityChecks: false, moz:buildID: 20221215175817, moz:debuggerAddress: 127.0.0.1:56254, moz:geckodriverVersion: 0.32.0, moz:headless: false, moz:platformVersion: 10.0, moz:processID: 32640, moz:profile: C:\Users\RS\AppData\Local\T..., moz:shutdownTimeout: 60000, moz:useNonSpecCompliantPointerOrigin: false, moz:webdriverClick: true, moz:windowless: false, pageLoadStrategy: normal, platformName: WINDOWS, proxy: Proxy(), se:cdp: ws://127.0.0.1:56254/devtoo..., se:cdpVersion: 85.0, setWindowRect: true, strictFileInteractability: false, timeouts: {implicit: 0, pageLoad: 300000, script: 30000}, unhandledPromptBehavior: dismiss and notify}
Element: [[FirefoxDriver: firefox on WINDOWS (62f2dad6-d053-4b88-bd38-f4cd0e8b5700)] -> xpath: //*[@id="product_add_form"]/div[1]/div/div/div[14]/div/div/div[3]/div[1]/div]
Session ID: 62f2dad6-d053-4b88-bd38-f4cd0e8b5700
at org.openqa.selenium.remote.ErrorHandler.createThrowable(ErrorHandler.java:217)
at org.openqa.selenium.remote.ErrorHandler.throwIfResponseFailed(ErrorHandler.java:169)
at org.openqa.selenium.remote.RemoteWebDriver.execute(RemoteWebDriver.java:582)
at org.openqa.selenium.remote.RemoteWebElement.execute(RemoteWebElement.java:257)
at org.openqa.selenium.remote.RemoteWebElement.getAccessibleName(RemoteWebElement.java:172)
at org.openqa.selenium.support.pagefactory.internal.LocatingElementHandler.invoke(LocatingElementHandler.java:52)
at com.sun.proxy.$Proxy16.getAccessibleName(Unknown Source)
at pagelements.AddPurchasePage.checkUploading(AddPurchasePage.java:141)
at TestcaseScripts.ProductsTest.attachDocInAddPurchase(ProductsTest.java:119)
at java.util.ArrayList.forEach(ArrayList.java:1257)
at java.util.concurrent.FutureTask.run(FutureTask.java:266)
at java.util.concurrent.ThreadPoolExecutor.runWorker(ThreadPoolExecutor.java:1149)
at java.util.concurrent.ThreadPoolExecutor$Worker.run(ThreadPoolExecutor.java:624)
at java.lang.Thread.run(Thread.java:748)
... Removed 26 stack frames]]>
    </failure>
  </testcase> <!-- attachDocInAddPurchase -->
  <testcase name="RemoveDocInAddPurchase" time="16.308" classname="TestcaseScripts.ProductsTest">
    <failure type="org.openqa.selenium.UnsupportedCommandException" message="HTTP method not allowed
Command duration or timeout: 0 milliseconds
Build info: version: &amp;apos;4.4.0&amp;apos;, revision: &amp;apos;e5c75ed026a&amp;apos;
System info: host: &amp;apos;RS&amp;apos;, ip: &amp;apos;192.168.0.175&amp;apos;, os.name: &amp;apos;Windows 10&amp;apos;, os.arch: &amp;apos;amd64&amp;apos;, os.version: &amp;apos;10.0&amp;apos;, java.version: &amp;apos;1.8.0_202&amp;apos;
Driver info: org.openqa.selenium.firefox.FirefoxDriver
Command: [62f2dad6-d053-4b88-bd38-f4cd0e8b5700, getElementAccessibleName {id=9f60c198-e808-4d23-8556-3f7922b92e3d}]
Capabilities {acceptInsecureCerts: true, browserName: firefox, browserVersion: 108.0.1, moz:accessibilityChecks: false, moz:buildID: 20221215175817, moz:debuggerAddress: 127.0.0.1:56254, moz:geckodriverVersion: 0.32.0, moz:headless: false, moz:platformVersion: 10.0, moz:processID: 32640, moz:profile: C:\Users\RS\AppData\Local\T..., moz:shutdownTimeout: 60000, moz:useNonSpecCompliantPointerOrigin: false, moz:webdriverClick: true, moz:windowless: false, pageLoadStrategy: normal, platformName: WINDOWS, proxy: Proxy(), se:cdp: ws://127.0.0.1:56254/devtoo..., se:cdpVersion: 85.0, setWindowRect: true, strictFileInteractability: false, timeouts: {implicit: 0, pageLoad: 300000, script: 30000}, unhandledPromptBehavior: dismiss and notify}
Element: [[FirefoxDriver: firefox on WINDOWS (62f2dad6-d053-4b88-bd38-f4cd0e8b5700)] -&amp;gt; xpath: //*[@id=&amp;quot;product_add_form&amp;quot;]/div[1]/div/div/div[14]/div/div/div[3]/div[1]/div]
Session ID: 62f2dad6-d053-4b88-bd38-f4cd0e8b5700">
      <![CDATA[org.openqa.selenium.UnsupportedCommandException: HTTP method not allowed
Command duration or timeout: 0 milliseconds
Build info: version: '4.4.0', revision: 'e5c75ed026a'
System info: host: 'RS', ip: '192.168.0.175', os.name: 'Windows 10', os.arch: 'amd64', os.version: '10.0', java.version: '1.8.0_202'
Driver info: org.openqa.selenium.firefox.FirefoxDriver
Command: [62f2dad6-d053-4b88-bd38-f4cd0e8b5700, getElementAccessibleName {id=9f60c198-e808-4d23-8556-3f7922b92e3d}]
Capabilities {acceptInsecureCerts: true, browserName: firefox, browserVersion: 108.0.1, moz:accessibilityChecks: false, moz:buildID: 20221215175817, moz:debuggerAddress: 127.0.0.1:56254, moz:geckodriverVersion: 0.32.0, moz:headless: false, moz:platformVersion: 10.0, moz:processID: 32640, moz:profile: C:\Users\RS\AppData\Local\T..., moz:shutdownTimeout: 60000, moz:useNonSpecCompliantPointerOrigin: false, moz:webdriverClick: true, moz:windowless: false, pageLoadStrategy: normal, platformName: WINDOWS, proxy: Proxy(), se:cdp: ws://127.0.0.1:56254/devtoo..., se:cdpVersion: 85.0, setWindowRect: true, strictFileInteractability: false, timeouts: {implicit: 0, pageLoad: 300000, script: 30000}, unhandledPromptBehavior: dismiss and notify}
Element: [[FirefoxDriver: firefox on WINDOWS (62f2dad6-d053-4b88-bd38-f4cd0e8b5700)] -> xpath: //*[@id="product_add_form"]/div[1]/div/div/div[14]/div/div/div[3]/div[1]/div]
Session ID: 62f2dad6-d053-4b88-bd38-f4cd0e8b5700
at org.openqa.selenium.remote.ErrorHandler.createThrowable(ErrorHandler.java:217)
at org.openqa.selenium.remote.ErrorHandler.throwIfResponseFailed(ErrorHandler.java:169)
at org.openqa.selenium.remote.RemoteWebDriver.execute(RemoteWebDriver.java:582)
at org.openqa.selenium.remote.RemoteWebElement.execute(RemoteWebElement.java:257)
at org.openqa.selenium.remote.RemoteWebElement.getAccessibleName(RemoteWebElement.java:172)
at org.openqa.selenium.support.pagefactory.internal.LocatingElementHandler.invoke(LocatingElementHandler.java:52)
at com.sun.proxy.$Proxy16.getAccessibleName(Unknown Source)
at pagelements.AddPurchasePage.checkUploadRemoving(AddPurchasePage.java:155)
at TestcaseScripts.ProductsTest.RemoveDocInAddPurchase(ProductsTest.java:128)
at java.util.ArrayList.forEach(ArrayList.java:1257)
at java.util.concurrent.FutureTask.run(FutureTask.java:266)
at java.util.concurrent.ThreadPoolExecutor.runWorker(ThreadPoolExecutor.java:1149)
at java.util.concurrent.ThreadPoolExecutor$Worker.run(ThreadPoolExecutor.java:624)
at java.lang.Thread.run(Thread.java:748)
... Removed 26 stack frames]]>
    </failure>
  </testcase> <!-- RemoveDocInAddPurchase -->
  <testcase name="addProducts" time="38.78" classname="TestcaseScripts.ProductsTest"/>
  <testcase name="checkWithProductName" time="14.463" classname="TestcaseScripts.ProductsTest"/>
  <testcase name="checkWithBrand" time="14.451" classname="TestcaseScripts.ProductsTest"/>
  <testcase name="checkWithCategory" time="16.386" classname="TestcaseScripts.ProductsTest"/>
  <testcase name="checkWithProductType" time="14.448" classname="TestcaseScripts.ProductsTest"/>
</testsuite> <!-- FirefoxTest -->
